{"level":"error","message":"notNull Violation: manager.photo cannot be null","timestamp":"2023-03-03T14:46:01.110Z"}
{"level":"error","message":"notNull Violation: manager.photo cannot be null","timestamp":"2023-03-03T14:47:40.746Z"}
{"level":"error","message":"notNull Violation: manager.photo cannot be null","timestamp":"2023-03-03T14:50:24.708Z"}
{"level":"error","message":"WHERE parameter \"id\" has invalid \"undefined\" value","timestamp":"2023-03-03T15:21:07.781Z"}
{"level":"error","message":"Cannot read properties of null (reading 'destroy')","timestamp":"2023-03-03T16:13:41.003Z"}
{"level":"error","message":"Cannot read properties of null (reading 'destroy')","timestamp":"2023-03-03T16:13:44.081Z"}
{"level":"error","message":"Cannot read properties of null (reading 'destroy')","timestamp":"2023-03-03T16:14:09.576Z"}
{"level":"error","message":"Cannot read properties of null (reading 'destroy')","timestamp":"2023-03-03T16:14:30.937Z"}
{"level":"error","message":"Cannot read properties of null (reading 'password')","timestamp":"2023-03-03T16:19:21.764Z"}
{"level":"error","message":"Cannot read properties of null (reading 'password')","timestamp":"2023-03-03T16:19:31.585Z"}
{"level":"error","message":"Cannot set headers after they are sent to the client","timestamp":"2023-03-03T16:19:59.787Z"}
{"level":"error","message":"Cannot read properties of null (reading 'password')","timestamp":"2023-03-03T16:20:48.528Z"}
{"level":"error","message":"Cannot read properties of null (reading 'password')","timestamp":"2023-03-03T16:20:49.672Z"}
{"level":"error","message":"notNull Violation: department.userId cannot be null","timestamp":"2023-03-03T18:19:26.272Z"}
{"level":"error","message":"notNull Violation: department.userId cannot be null","timestamp":"2023-03-03T18:19:42.441Z"}
{"level":"error","message":"req is not defined","timestamp":"2023-03-03T18:20:29.838Z"}
{"level":"error","message":"notNull Violation: department.userId cannot be null","timestamp":"2023-03-03T18:21:00.608Z"}
{"level":"error","message":"notNull Violation: department.userId cannot be null","timestamp":"2023-03-03T18:21:06.344Z"}
{"level":"error","message":"notNull Violation: department.userId cannot be null","timestamp":"2023-03-03T18:21:29.389Z"}
{"level":"error","message":"child is not iterable","timestamp":"2023-03-03T18:31:46.433Z"}
{"level":"error","message":"child is not iterable","timestamp":"2023-03-03T18:31:49.003Z"}
{"level":"error","message":"notNull Violation: department.userId cannot be null","timestamp":"2023-03-07T10:27:36.339Z"}
{"level":"error","message":"notNull Violation: department.userId cannot be null","timestamp":"2023-03-07T10:27:39.043Z"}
{"level":"error","message":"notNull Violation: department.userId cannot be null","timestamp":"2023-03-07T10:27:41.716Z"}
{"level":"error","message":"notNull Violation: department.userId cannot be null","timestamp":"2023-03-07T10:29:06.746Z"}
{"level":"error","message":"Cannot read properties of null (reading 'password')","timestamp":"2023-03-11T21:05:26.522Z"}
{"level":"error","message":"Cannot read properties of null (reading 'password')","timestamp":"2023-03-11T21:08:57.584Z"}
{"level":"error","message":"Cannot read properties of null (reading 'password')","timestamp":"2023-03-11T21:09:05.511Z"}
{"level":"error","message":"Unknown column 'designation.deparmentId' in 'where clause'","timestamp":"2023-03-13T19:14:04.139Z"}
{"level":"error","message":"Unknown column 'designation.deparmentId' in 'where clause'","timestamp":"2023-03-13T19:14:12.680Z"}
{"level":"error","message":"Unknown column 'designation.deparmentId' in 'where clause'","timestamp":"2023-03-13T19:14:44.334Z"}
{"level":"error","message":"Unknown column 'designation.deparmentId' in 'where clause'","timestamp":"2023-03-13T19:14:50.539Z"}
{"level":"error","message":"Unknown column 'designation.deparmentId' in 'where clause'","timestamp":"2023-03-13T19:14:53.884Z"}
{"level":"error","message":"Unknown column 'designation.deparmentId' in 'where clause'","timestamp":"2023-03-13T19:16:53.968Z"}
{"level":"error","message":"Unknown column 'designation.deparmentId' in 'where clause'","timestamp":"2023-03-13T19:19:08.382Z"}
{"level":"error","message":"Unknown column 'designation.deparmentId' in 'where clause'","timestamp":"2023-03-13T19:19:37.782Z"}
{"level":"error","message":"Unknown column 'designation.deparmentId' in 'where clause'","timestamp":"2023-03-13T19:19:39.449Z"}
{"level":"error","message":"Unknown column 'designation.deparmentId' in 'where clause'","timestamp":"2023-03-13T19:20:17.452Z"}
{"level":"error","message":"Bank.findAll is not a function","timestamp":"2023-03-13T20:39:48.135Z"}
{"level":"error","message":"Bank.findAll is not a function","timestamp":"2023-03-13T20:39:49.840Z"}
